{
  "stats": {
    "suites": 1,
    "tests": 2,
    "passes": 2,
    "pending": 0,
    "failures": 0,
    "start": "2023-05-26T04:21:38.471Z",
    "end": "2023-05-26T04:22:18.616Z",
    "duration": 40145,
    "testsRegistered": 2,
    "passPercent": 100,
    "pendingPercent": 0,
    "other": 0,
    "hasOther": false,
    "skipped": 0,
    "hasSkipped": false
  },
  "results": [
    {
      "uuid": "8a8a94be-c0a7-451d-95ef-dc01cecd60be",
      "title": "",
      "fullFile": "D:\\allbasic\\nodejs\\selenium\\testingapp\\test\\login.js",
      "file": "\\test\\login.js",
      "beforeHooks": [],
      "afterHooks": [],
      "tests": [],
      "suites": [
        {
          "uuid": "9812da7c-f806-40d9-a1b5-7d966f4ac3e2",
          "title": "Login",
          "fullFile": "D:\\allbasic\\nodejs\\selenium\\testingapp\\test\\login.js",
          "file": "\\test\\login.js",
          "beforeHooks": [],
          "afterHooks": [
            {
              "title": "\"after each\" hook in \"Login\"",
              "fullTitle": "Login \"after each\" hook in \"Login\"",
              "timedOut": false,
              "duration": 3592,
              "state": null,
              "speed": null,
              "pass": false,
              "fail": false,
              "pending": false,
              "context": null,
              "code": "await driver.sleep(3000);\nawait driver.quit();",
              "err": {},
              "uuid": "681e1638-f141-46f0-b28f-545e2cd6ee31",
              "parentUUID": "9812da7c-f806-40d9-a1b5-7d966f4ac3e2",
              "isHook": true,
              "skipped": false
            }
          ],
          "tests": [
            {
              "title": "Login to dashboard from browser chrome",
              "fullTitle": "Login Login to dashboard from browser chrome",
              "timedOut": false,
              "duration": 14936,
              "state": "passed",
              "speed": "slow",
              "pass": true,
              "fail": false,
              "pending": false,
              "context": null,
              "code": "// Go to application\n            driver = await goToApp(browser, appHost)\n\n            // login to the application\n            await enterDashboard(driver, user);\n\n            let textStatus = await driver.executeScript(`return document.querySelectorAll('h1.text-welcome').length`);\n\n            // Jalankan skrip JavaScript untuk mengumpulkan data jaringan\n            const networkData = await driver.executeScript(`\nconst performanceEntries = performance.getEntriesByType('resource');\nconst requests = performanceEntries.map(entry => {\n    return {\n        entry,\n        url: entry.name,\n        method: entry.initiatorType,\n        type: entry.entryType,\n    };\n});\n\nreturn requests;\n            `);\n\n            // Tampilkan data jaringan\n            let correctUrl = networkData.find(data => data.url.includes(\"v1/user/me\"));\n            let userData = await driver.executeScript(\"return window.localStorage.getItem('user')\")\n            userData = JSON.parse(userData);\n            \n            assert.strictEqual(textStatus > 1, textStatus > 1); \n            expect(correctUrl.url).to.includes(\"v1/user/me\");\n            expect(userData.id).to.greaterThan(0);",
              "err": {},
              "uuid": "75f22d20-29b4-438b-9569-66bf8f8aa774",
              "parentUUID": "9812da7c-f806-40d9-a1b5-7d966f4ac3e2",
              "isHook": false,
              "skipped": false
            },
            {
              "title": "Login to dashboard from browser firefox",
              "fullTitle": "Login Login to dashboard from browser firefox",
              "timedOut": false,
              "duration": 18554,
              "state": "passed",
              "speed": "slow",
              "pass": true,
              "fail": false,
              "pending": false,
              "context": null,
              "code": "// Go to application\n            driver = await goToApp(browser, appHost)\n\n            // login to the application\n            await enterDashboard(driver, user);\n\n            let textStatus = await driver.executeScript(`return document.querySelectorAll('h1.text-welcome').length`);\n\n            // Jalankan skrip JavaScript untuk mengumpulkan data jaringan\n            const networkData = await driver.executeScript(`\nconst performanceEntries = performance.getEntriesByType('resource');\nconst requests = performanceEntries.map(entry => {\n    return {\n        entry,\n        url: entry.name,\n        method: entry.initiatorType,\n        type: entry.entryType,\n    };\n});\n\nreturn requests;\n            `);\n\n            // Tampilkan data jaringan\n            let correctUrl = networkData.find(data => data.url.includes(\"v1/user/me\"));\n            let userData = await driver.executeScript(\"return window.localStorage.getItem('user')\")\n            userData = JSON.parse(userData);\n            \n            assert.strictEqual(textStatus > 1, textStatus > 1); \n            expect(correctUrl.url).to.includes(\"v1/user/me\");\n            expect(userData.id).to.greaterThan(0);",
              "err": {},
              "uuid": "ff150f30-bcac-4e0a-bd4f-e4c2575b405c",
              "parentUUID": "9812da7c-f806-40d9-a1b5-7d966f4ac3e2",
              "isHook": false,
              "skipped": false
            }
          ],
          "suites": [],
          "passes": [
            "75f22d20-29b4-438b-9569-66bf8f8aa774",
            "ff150f30-bcac-4e0a-bd4f-e4c2575b405c"
          ],
          "failures": [],
          "pending": [],
          "skipped": [],
          "duration": 33490,
          "root": false,
          "rootEmpty": false,
          "_timeout": 0
        }
      ],
      "passes": [],
      "failures": [],
      "pending": [],
      "skipped": [],
      "duration": 0,
      "root": true,
      "rootEmpty": true,
      "_timeout": 0
    }
  ],
  "meta": {
    "mocha": {
      "version": "10.2.0"
    },
    "mochawesome": {
      "options": {
        "quiet": false,
        "reportFilename": "test-results",
        "saveHtml": true,
        "saveJson": true,
        "consoleReporter": "spec",
        "useInlineDiffs": false,
        "code": true
      },
      "version": "7.1.3"
    },
    "marge": {
      "options": {
        "reportDir": "testReports",
        "reportFilename": "test-results",
        "reportPageTitle": "Laporan-Harian-Testing"
      },
      "version": "6.2.0"
    }
  }
}