{
  "stats": {
    "suites": 1,
    "tests": 2,
    "passes": 2,
    "pending": 0,
    "failures": 0,
    "start": "2023-05-19T09:36:10.575Z",
    "end": "2023-05-19T09:36:11.819Z",
    "duration": 1244,
    "testsRegistered": 2,
    "passPercent": 100,
    "pendingPercent": 0,
    "other": 0,
    "hasOther": false,
    "skipped": 0,
    "hasSkipped": false
  },
  "results": [
    {
      "uuid": "4d249ee2-e0b6-40a6-8a6f-2081ed5cc667",
      "title": "",
      "fullFile": "D:\\allbasic\\nodejs\\selenium\\apitestingapp\\test\\posts.js",
      "file": "\\test\\posts.js",
      "beforeHooks": [],
      "afterHooks": [],
      "tests": [],
      "suites": [
        {
          "uuid": "c4ad2276-6cdf-4085-a155-72e675d47cb8",
          "title": "User Posts",
          "fullFile": "D:\\allbasic\\nodejs\\selenium\\apitestingapp\\test\\posts.js",
          "file": "\\test\\posts.js",
          "beforeHooks": [
            {
              "title": "\"before all\" hook in \"User Posts\"",
              "fullTitle": "User Posts \"before all\" hook in \"User Posts\"",
              "timedOut": false,
              "duration": 542,
              "state": null,
              "speed": null,
              "pass": false,
              "fail": false,
              "pending": false,
              "context": null,
              "code": "var self = this,\n  args = arguments;\nreturn new Promise(function (resolve, reject) {\n  var gen = fn.apply(self, args);\n  function _next(value) {\n    asyncGeneratorStep(gen, resolve, reject, _next, _throw, \"next\", value);\n  }\n  function _throw(err) {\n    asyncGeneratorStep(gen, resolve, reject, _next, _throw, \"throw\", err);\n  }\n  _next(undefined);\n});",
              "err": {},
              "uuid": "51b32a4b-7a8c-4bc8-aa68-13e28923b94d",
              "parentUUID": "c4ad2276-6cdf-4085-a155-72e675d47cb8",
              "isHook": true,
              "skipped": false
            }
          ],
          "afterHooks": [],
          "tests": [
            {
              "title": "/posts",
              "fullTitle": "User Posts /posts",
              "timedOut": false,
              "duration": 416,
              "state": "passed",
              "speed": "slow",
              "pass": true,
              "fail": false,
              "pending": false,
              "context": null,
              "code": "var self = this,\n  args = arguments;\nreturn new Promise(function (resolve, reject) {\n  var gen = fn.apply(self, args);\n  function _next(value) {\n    asyncGeneratorStep(gen, resolve, reject, _next, _throw, \"next\", value);\n  }\n  function _throw(err) {\n    asyncGeneratorStep(gen, resolve, reject, _next, _throw, \"throw\", err);\n  }\n  _next(undefined);\n});",
              "err": {},
              "uuid": "065e66bb-a0d4-47cf-8c0b-1fdb9f77632b",
              "parentUUID": "c4ad2276-6cdf-4085-a155-72e675d47cb8",
              "isHook": false,
              "skipped": false
            },
            {
              "title": "GET /posts/:id",
              "fullTitle": "User Posts GET /posts/:id",
              "timedOut": false,
              "duration": 277,
              "state": "passed",
              "speed": "slow",
              "pass": true,
              "fail": false,
              "pending": false,
              "context": null,
              "code": "var self = this,\n  args = arguments;\nreturn new Promise(function (resolve, reject) {\n  var gen = fn.apply(self, args);\n  function _next(value) {\n    asyncGeneratorStep(gen, resolve, reject, _next, _throw, \"next\", value);\n  }\n  function _throw(err) {\n    asyncGeneratorStep(gen, resolve, reject, _next, _throw, \"throw\", err);\n  }\n  _next(undefined);\n});",
              "err": {},
              "uuid": "20797f18-702b-4490-b848-c8a413238106",
              "parentUUID": "c4ad2276-6cdf-4085-a155-72e675d47cb8",
              "isHook": false,
              "skipped": false
            }
          ],
          "suites": [],
          "passes": [
            "065e66bb-a0d4-47cf-8c0b-1fdb9f77632b",
            "20797f18-702b-4490-b848-c8a413238106"
          ],
          "failures": [],
          "pending": [],
          "skipped": [],
          "duration": 693,
          "root": false,
          "rootEmpty": false,
          "_timeout": 50000
        }
      ],
      "passes": [],
      "failures": [],
      "pending": [],
      "skipped": [],
      "duration": 0,
      "root": true,
      "rootEmpty": true,
      "_timeout": 50000
    }
  ],
  "meta": {
    "mocha": {
      "version": "10.2.0"
    },
    "mochawesome": {
      "options": {
        "quiet": false,
        "reportFilename": "mochawesome",
        "saveHtml": true,
        "saveJson": true,
        "consoleReporter": "spec",
        "useInlineDiffs": false,
        "code": true
      },
      "version": "7.1.3"
    },
    "marge": {
      "options": null,
      "version": "6.2.0"
    }
  }
}